make all --print-data-base --no-builtin-variables --no-builtin-rules --question
# GNU Make 4.3
# Built for x86_64-pc-linux-gnu
# Copyright (C) 1988-2020 Free Software Foundation, Inc.
# License GPLv3+: GNU GPL version 3 or later <http://gnu.org/licenses/gpl.html>
# This is free software: you are free to change and redistribute it.
# There is NO WARRANTY, to the extent permitted by law.

# Make data base, printed on Fri Aug 12 21:37:27 2022

# Variables

# environment
GDK_BACKEND = x11
# environment
LC_ALL = C
# environment
NO_AT_BRIDGE = 1
# environment
GTK_RC_FILES = /etc/gtk/gtkrc:/home/mkaramuk/.gtkrc:/home/mkaramuk/.config/gtkrc
# makefile (from 'Makefile', line 3)
SRC_DIR = src
# environment
VSCODE_CWD = /home/mkaramuk
# environment
WINDOWPATH = 1
# default
MAKE_COMMAND := make
# automatic
@D = $(patsubst %/,%,$(dir $@))
# makefile (from 'Makefile', line 2)
OBJ_DIR = obj
# makefile (from 'Makefile', line 4)
INCLUDE_DIR = include
# environment
VSCODE_HANDLES_UNCAUGHT_ERRORS = true
# default
.VARIABLES := 
# environment
PWD = /home/mkaramuk/Desktop/cpp
# automatic
%D = $(patsubst %/,%,$(dir $%))
# environment
MAIL = /var/spool/mail/mkaramuk
# environment
XDG_DATA_DIRS = /usr/local/share:/usr/share:/var/lib/snapd/desktop
# automatic
^D = $(patsubst %/,%,$(dir $^))
# automatic
%F = $(notdir $%)
# environment
VSCODE_CODE_CACHE_PATH = /home/mkaramuk/.config/Code/CachedData/da76f93349a72022ca4670c1b84860304616aaa2
# environment
LANG = C
# environment
XAUTHORITY = /home/mkaramuk/.Xauthority
# default
.LOADED := 
# default
.INCLUDE_DIRS = /usr/include /usr/local/include /usr/include
# makefile
MAKEFLAGS = pqrR
# makefile
CURDIR := /home/mkaramuk/Desktop/cpp
# environment
APPLICATION_INSIGHTS_NO_DIAGNOSTIC_CHANNEL = true
# makefile (from 'Makefile', line 5)
SRCS = $(wildcard $(SRC_DIR)/*.cpp)
# automatic
*D = $(patsubst %/,%,$(dir $*))
# environment
MFLAGS = -pqrR
# default
.SHELLFLAGS := -c
# environment
XDG_CONFIG_DIRS = /home/mkaramuk/.config/kdedefaults:/etc/xdg
# automatic
+D = $(patsubst %/,%,$(dir $+))
# environment
XCURSOR_THEME = default
# makefile (from 'Makefile', line 1)
MAKEFILE_LIST := Makefile
# automatic
@F = $(notdir $@)
# environment
VSCODE_PID = 151401
# environment
XDG_SESSION_TYPE = tty
# automatic
?D = $(patsubst %/,%,$(dir $?))
# environment
SESSION_MANAGER = local/mkaramuk-pc:@/tmp/.ICE-unix/4068,unix/mkaramuk-pc:/tmp/.ICE-unix/4068
# automatic
*F = $(notdir $*)
# environment
CHROME_DESKTOP = code-url-handler.desktop
# environment
DBUS_SESSION_BUS_ADDRESS = unix:path=/run/user/1000/bus
# automatic
<D = $(patsubst %/,%,$(dir $<))
# environment
VSCODE_NLS_CONFIG = {"locale":"tr","availableLanguages":{"*":"tr"},"_languagePackId":"2ef24abf4678fa597677d312ce8ef5ea.tr","_translationsConfigFile":"/home/mkaramuk/.config/Code/clp/2ef24abf4678fa597677d312ce8ef5ea.tr/tcf.json","_cacheRoot":"/home/mkaramuk/.config/Code/clp/2ef24abf4678fa597677d312ce8ef5ea.tr","_resolvedLanguagePackCoreLocation":"/home/mkaramuk/.config/Code/clp/2ef24abf4678fa597677d312ce8ef5ea.tr/da76f93349a72022ca4670c1b84860304616aaa2","_corruptedFile":"/home/mkaramuk/.config/Code/clp/2ef24abf4678fa597677d312ce8ef5ea.tr/corrupted.info","_languagePackSupport":true}
# default
MAKE_HOST := x86_64-pc-linux-gnu
# makefile (from 'Makefile', line 6)
OBJS = $(SRCS:$(SRC_DIR)/%.cpp=$(OBJ_DIR)/%.o)
# makefile
SHELL = /bin/sh
# default
MAKECMDGOALS := all
# environment
PLATFORMIO_CALLER = vscode
# environment
SHLVL = 3
# environment
MAKELEVEL := 0
# default
MAKE = $(MAKE_COMMAND)
# environment
PATH = /home/mkaramuk/development/flutter/bin:/usr/local/sbin:/usr/local/bin:/usr/bin:/usr/bin/site_perl:/usr/bin/vendor_perl:/usr/bin/core_perl:/var/lib/snapd/snap/bin
# default
MAKEFILES := 
# environment
LANGUAGE = tr:en_US
# environment
MOTD_SHOWN = pam
# automatic
^F = $(notdir $^)
# environment
LC_TIME = tr_TR.UTF-8
# environment
INVOCATION_ID = 0ee2138da6bc46cebf3e4594ac69bd1d
# automatic
?F = $(notdir $?)
# environment
KDE_APPLICATIONS_AS_SCOPE = 1
# makefile (from 'Makefile', line 1)
NAME = game
# environment
XDG_SEAT = seat0
# environment
NO_PROXY = 127.0.0.1
# environment
XDG_CURRENT_DESKTOP = KDE
# automatic
+F = $(notdir $+)
# environment
ORIGINAL_XDG_CURRENT_DESKTOP = KDE
# 'override' directive
GNUMAKEFLAGS := 
# environment
LOGNAME = mkaramuk
# environment
PLATFORMIO_PATH = /home/mkaramuk/.platformio/penv/bin:/home/mkaramuk/.platformio/penv:/home/mkaramuk/.platformio/python3/bin:/home/mkaramuk/development/flutter/bin:/usr/local/sbin:/usr/local/bin:/usr/bin:/usr/bin/site_perl:/usr/bin/vendor_perl:/usr/bin/core_perl:/var/lib/snapd/snap/bin
# environment
XDG_VTNR = 1
# makefile
.DEFAULT_GOAL := all
# environment
SYSTEMD_EXEC_PID = 4101
# environment
DISPLAY = :0
# environment
USER = mkaramuk
# default
MAKE_VERSION := 4.3
# environment
KDE_SESSION_UID = 1000
# environment
MANAGERPID = 3958
# environment
_ = /usr/bin/make
# environment
XDG_RUNTIME_DIR = /run/user/1000
# makefile (from 'Makefile', line 7)
CFLAGS = -I$(INCLUDE_DIR) -g 
# environment
JOURNAL_STREAM = 8:40901
# environment
XDG_SESSION_CLASS = user
# environment
VSCODE_AMD_ENTRYPOINT = vs/workbench/api/node/extensionHostProcess
# environment
PLATFORMIO_IDE = 2.5.2
# environment
GTK2_RC_FILES = /etc/gtk-2.0/gtkrc:/home/mkaramuk/.gtkrc-2.0:/home/mkaramuk/.config/gtkrc-2.0
# environment
HOME = /home/mkaramuk
# environment
FrameworkPathOverride = /lib/mono/4.7.1-api/
# environment
ELECTRON_RUN_AS_NODE = 1
# environment
VSCODE_IPC_HOOK = /run/user/1000/vscode-8bfa1d12-1.70.0-main.sock
# environment
TERM = linux
# environment
XDG_SESSION_ID = 1
# environment
XCURSOR_SIZE = 24
# default
.RECIPEPREFIX := 
# automatic
<F = $(notdir $<)
# default
SUFFIXES := 
# environment
QT_AUTO_SCREEN_SCALE_FACTOR = 0
# environment
VSCODE_CLI = 1
# environment
ELECTRON_NO_ATTACH_CONSOLE = 1
# environment
KDE_SESSION_VERSION = 5
# default
.FEATURES := target-specific order-only second-expansion else-if shortest-stem undefine oneshell nocomment grouped-target extra-prereqs archives jobserver output-sync check-symlink guile load
# makefile (from 'Makefile', line 9)
CC = g++
# makefile (from 'Makefile', line 8)
LFLAGS = -lSDL2 -lSDL2_image
# environment
KDE_FULL_SESSION = true
# variable set hash-table stats:
# Load=105/1024=10%, Rehash=0, Collisions=4/152=3%

# Pattern-specific Variable Values

# No pattern-specific variable values.

# Directories

# src (device 2051, inode 2081582): 6 files, no impossibilities.
# . (device 2051, inode 2072586): 9 files, no impossibilities.

# 15 files, no impossibilities in 2 directories.

# Implicit Rules

obj/%.o: src/%.cpp
#  recipe to execute (from 'Makefile', line 17):
	@mkdir -p $(OBJ_DIR)
	$(CC) $(CFLAGS) -c $^ -o $@ 

# 1 implicit rules, 0 (0.0%) terminal.
# Files

game: obj/GameObject.o obj/GameWindow.o obj/Image.o obj/main.o
#  Implicit rule search has not been done.
#  Last modified 2022-08-12 21:34:11.473993919
#  File has been updated.
#  Needs to be updated (-q is set).
# variable set hash-table stats:
# Load=0/32=0%, Rehash=0, Collisions=0/7=0%
#  recipe to execute (from 'Makefile', line 14):
	$(CC) $(LFLAGS) $(OBJS) -o $(NAME)

# Not a target:
obj/main.o:
#  Implicit rule search has not been done.
#  Modification time never checked.
#  File has not been updated.

# Not a target:
Makefile:
#  Implicit rule search has been done.
#  Last modified 2022-08-12 19:29:30.09372061
#  File has been updated.
#  Successfully updated.

# Not a target:
src/GameObject.cpp:
#  Implicit rule search has been done.
#  Last modified 2022-08-12 21:36:51.727333107
#  File has been updated.
#  Successfully updated.

# Not a target:
obj/Image.o:
#  Implicit rule search has not been done.
#  Modification time never checked.
#  File has not been updated.

clean:
#  Phony target (prerequisite of .PHONY).
#  Implicit rule search has not been done.
#  File does not exist.
#  File has not been updated.
#  recipe to execute (from 'Makefile', line 21):
	rm -rf $(OBJ_DIR)/*.o

re: fclean all
#  Phony target (prerequisite of .PHONY).
#  Implicit rule search has not been done.
#  File does not exist.
#  File has not been updated.

# Not a target:
.DEFAULT:
#  Implicit rule search has not been done.
#  Modification time never checked.
#  File has not been updated.

all: game
#  Phony target (prerequisite of .PHONY).
#  Command line target.
#  Implicit rule search has not been done.
#  File does not exist.
#  File has been updated.
#  Needs to be updated (-q is set).
# variable set hash-table stats:
# Load=0/32=0%, Rehash=0, Collisions=0/7=0%

fclean: clean
#  Phony target (prerequisite of .PHONY).
#  Implicit rule search has not been done.
#  File does not exist.
#  File has not been updated.
#  recipe to execute (from 'Makefile', line 24):
	rm -rf $(NAME)

run: game
#  Phony target (prerequisite of .PHONY).
#  Implicit rule search has not been done.
#  File does not exist.
#  File has not been updated.
#  recipe to execute (from 'Makefile', line 29):
	./$(NAME)

# Not a target:
obj/GameWindow.o:
#  Implicit rule search has not been done.
#  Modification time never checked.
#  File has not been updated.

obj/GameObject.o: src/GameObject.cpp
#  Implicit rule search has been done.
#  Implicit/static pattern stem: 'GameObject'
#  Last modified 2022-08-12 21:34:09.75732719
#  File has been updated.
#  Needs to be updated (-q is set).
# automatic
# @ := obj/GameObject.o
# automatic
# * := GameObject
# automatic
# < := src/GameObject.cpp
# automatic
# + := src/GameObject.cpp
# automatic
# % := 
# automatic
# ^ := src/GameObject.cpp
# automatic
# ? := src/GameObject.cpp
# automatic
# | := 
# variable set hash-table stats:
# Load=8/32=25%, Rehash=0, Collisions=3/17=18%
#  recipe to execute (from 'Makefile', line 17):
	@mkdir -p $(OBJ_DIR)
	$(CC) $(CFLAGS) -c $^ -o $@ 

.PHONY: run re fclean clean all
#  Implicit rule search has not been done.
#  Modification time never checked.
#  File has not been updated.

# files hash-table stats:
# Load=15/1024=1%, Rehash=0, Collisions=0/44=0%
# VPATH Search Paths

# No 'vpath' search paths.

# No general ('VPATH' variable) search path.

# strcache buffers: 1 (0) / strings = 31 / storage = 286 B / avg = 9 B
# current buf: size = 8162 B / used = 286 B / count = 31 / avg = 9 B

# strcache performance: lookups = 58 / hit rate = 46%
# hash-table stats:
 
# Load=31/8192=0%, Rehash=0, Collisions=0/58=0%
# Finished Make data base on Fri Aug 12 21:37:27 2022

 
